Lockfile is up to date, resolution step is skipped
Progress: resolved 1, reused 0, downloaded 0, added 0
Packages: +476
++++++++++++++++++++++++++++++++++++++++++++++++++++++++++++++++++++++++++++++++

   ╭──────────────────────────────────────────╮
   │                                          │
   │   Update available! 10.28.0 → 10.30.1.   │
   │   Changelog: https://pnpm.io/v/10.30.1   │
   │     To update, run: pnpm add -g pnpm     │
   │                                          │
   ╰──────────────────────────────────────────╯

Progress: resolved 476, reused 0, downloaded 32, added 16
Progress: resolved 476, reused 0, downloaded 149, added 141
Progress: resolved 476, reused 0, downloaded 191, added 183
Progress: resolved 476, reused 0, downloaded 209, added 189
Progress: resolved 476, reused 0, downloaded 227, added 198
Progress: resolved 476, reused 0, downloaded 228, added 198
Progress: resolved 476, reused 0, downloaded 229, added 199
Progress: resolved 476, reused 0, downloaded 232, added 199
Progress: resolved 476, reused 0, downloaded 279, added 221
Progress: resolved 476, reused 0, downloaded 337, added 242
Progress: resolved 476, reused 0, downloaded 475, added 389
Progress: resolved 476, reused 0, downloaded 476, added 476, done

dependencies:
+ @hookform/resolvers 3.10.0
+ @radix-ui/react-accordion 1.2.2
+ @radix-ui/react-alert-dialog 1.1.4
+ @radix-ui/react-aspect-ratio 1.1.1
+ @radix-ui/react-avatar 1.1.2
+ @radix-ui/react-checkbox 1.1.3
+ @radix-ui/react-collapsible 1.1.2
+ @radix-ui/react-context-menu 2.2.4
+ @radix-ui/react-dialog 1.1.4
+ @radix-ui/react-dropdown-menu 2.1.4
+ @radix-ui/react-hover-card 1.1.4
+ @radix-ui/react-label 2.1.1
+ @radix-ui/react-menubar 1.1.4
+ @radix-ui/react-navigation-menu 1.2.3
+ @radix-ui/react-popover 1.1.4
+ @radix-ui/react-progress 1.1.1
+ @radix-ui/react-radio-group 1.2.2
+ @radix-ui/react-scroll-area 1.2.2
+ @radix-ui/react-select 2.1.4
+ @radix-ui/react-separator 1.1.1
+ @radix-ui/react-slider 1.2.2
+ @radix-ui/react-slot 1.1.1
+ @radix-ui/react-switch 1.1.2
+ @radix-ui/react-tabs 1.1.2
+ @radix-ui/react-toast 1.2.4
+ @radix-ui/react-toggle 1.1.1
+ @radix-ui/react-toggle-group 1.1.1
+ @radix-ui/react-tooltip 1.1.6
+ @tanstack/react-query 5.90.20
+ @tanstack/react-table 8.21.3
+ @tiptap/extension-image 2.27.2
+ @tiptap/extension-link 2.27.2
+ @tiptap/extension-placeholder 2.27.2
+ @tiptap/extension-text-align 2.27.2
+ @tiptap/extension-underline 2.27.2
+ @tiptap/pm 2.27.2
+ @tiptap/react 2.27.2
+ @tiptap/starter-kit 2.27.2
+ @vercel/analytics 1.3.1
+ autoprefixer 10.4.24
+ axios 1.13.5
+ class-variance-authority 0.7.1
+ clsx 2.1.1
+ cmdk 1.0.4
+ date-fns 4.1.0
+ embla-carousel-react 8.5.1
+ framer-motion 12.33.0
+ input-otp 1.4.1
+ isomorphic-dompurify 2.35.0
+ lucide-react 0.454.0
+ next 16.1.5
+ next-themes 0.4.6
+ react 19.2.0
+ react-day-picker 9.8.0
+ react-dom 19.2.0
+ react-hook-form 7.71.1
+ react-resizable-panels 2.1.9
+ recharts 2.15.4
+ sonner 1.7.4
+ tailwind-merge 3.4.0
+ tailwindcss-animate 1.0.7
+ vaul 1.1.2
+ zod 3.25.76
+ zustand 5.0.11

devDependencies:
+ @tailwindcss/postcss 4.1.18
+ @testing-library/dom 10.4.1
+ @testing-library/jest-dom 6.9.1
+ @testing-library/react 16.3.2
+ @types/node 22.19.9
+ @types/react 19.2.13
+ @types/react-dom 19.2.3
+ @vitejs/plugin-react 5.1.3
+ axios-mock-adapter 2.1.0
+ dompurify 3.3.1
+ jsdom 28.0.0
+ msw 2.12.10
+ postcss 8.5.6
+ tailwindcss 4.1.18
+ tw-animate-css 1.3.3
+ typescript 5.9.3
+ vitest 4.0.18

╭ Warning ─────────────────────────────────────────────────────────────────────╮
│                                                                              │
│   Ignored build scripts: esbuild@0.27.3, msw@2.12.10, sharp@0.34.5.          │
│   Run "pnpm approve-builds" to pick which dependencies should be allowed     │
│   to run scripts.                                                            │
│                                                                              │
╰──────────────────────────────────────────────────────────────────────────────╯
Done in 12.6s using pnpm v10.28.0
